<?xml version="1.0" encoding="UTF-8"?>
<testsuite name="com.example.test.ExampleUnitTest" tests="1" skipped="0" failures="0" errors="0" timestamp="2019-08-31T11:42:45" hostname="aetman-ThinkPad-E480" time="0.0">
  <properties/>
  <testcase name="addition_isCorrect" classname="com.example.test.ExampleUnitTest" time="0.0"/>
  <system-out><![CDATA[]]></system-out>
  <system-err><![CDATA[]]></system-err>
</testsuite>
